\BOOKMARK [1][-]{section.1}{Introdu\347\343o}{}
\BOOKMARK [1][-]{section.2}{Objetivos}{}
\BOOKMARK [1][-]{section.3}{Referencial Te\363rico}{}
\BOOKMARK [1][-]{section.4}{Materiais e M\351todos}{}
\BOOKMARK [2][-]{subsection.4.1}{Coleta de Dados}{section.4}
\BOOKMARK [2][-]{subsection.4.2}{Processo geral de contribui\347\343o}{section.4}
\BOOKMARK [1][-]{section.5}{Resultados e Discuss\343o}{}
\BOOKMARK [2][-]{subsection.5.1}{O projeto de SL/CA escolhido}{section.5}
\BOOKMARK [2][-]{subsection.5.2}{Modelo de desenvolvimento utilizado durante o experimento}{section.5}
\BOOKMARK [3][-]{subsubsection.5.2.1}{Explora\347\343o Arquitetural e Escopo}{subsection.5.2}
\BOOKMARK [2][-]{subsection.5.3}{Ciclo de desenvolvimento}{section.5}
\BOOKMARK [3][-]{subsubsection.5.3.1}{Padr\365es de projetos identificados}{subsection.5.3}
\BOOKMARK [3][-]{subsubsection.5.3.2}{Ferramentas utilizadas}{subsection.5.3}
\BOOKMARK [3][-]{subsubsection.5.3.3}{Dia a dia de trabalho}{subsection.5.3}
\BOOKMARK [3][-]{subsubsection.5.3.4}{Submiss\343o do patch}{subsection.5.3}
\BOOKMARK [2][-]{subsection.5.4}{Exposi\347\343o dos resultados}{section.5}
\BOOKMARK [1][-]{section.6}{Conclus\343o}{}
\BOOKMARK [1][-]{section.7}{Refer\352ncias Bibliogr\341ficas}{}
\BOOKMARK [1][-]{section.8}{Anexo A}{}
\BOOKMARK [2][-]{subsection.8.1}{Exemplo de uma feature request}{section.8}
\BOOKMARK [2][-]{subsection.8.2}{Defini\347\343o de requisitos iniciais}{section.8}
\BOOKMARK [1][-]{section.9}{Anexo B: Taxionomia para entendimento do dom\355nio do problema}{}
\BOOKMARK [1][-]{section.10}{Anexo C: Licen\347as para contribuidores}{}
\BOOKMARK [2][-]{subsection.10.1}{The Free Software Foundation Europe License}{section.10}
\BOOKMARK [1][-]{section.11}{Anexo D: Emails trocados na lista de desenvolvimento do Bacula}{}
\BOOKMARK [2][-]{subsection.11.1}{Feedback de desenvolvedores}{section.11}
\BOOKMARK [2][-]{subsection.11.2}{Contorno de problemas}{section.11}
\BOOKMARK [2][-]{subsection.11.3}{Submiss\343o do patch libdbi}{section.11}
\BOOKMARK [3][-]{subsubsection.11.3.1}{Exemplo de submiss\343o temporal}{subsection.11.3}
\BOOKMARK [3][-]{subsubsection.11.3.2}{Exemplo de submiss\343o de finaliza\347\343o}{subsection.11.3}
\BOOKMARK [3][-]{subsubsection.11.3.3}{Exemplo de submiss\343o de manuten\347\343o}{subsection.11.3}
\BOOKMARK [1][-]{section.12}{Anexo E: Detalhes da implementa\347\343o}{}
\BOOKMARK [2][-]{subsection.12.1}{Sobre o Bacula}{section.12}
\BOOKMARK [2][-]{subsection.12.2}{Introdu\347\343o}{section.12}
\BOOKMARK [2][-]{subsection.12.3}{Limita\347\365es}{section.12}
\BOOKMARK [2][-]{subsection.12.4}{Implementa\347\343o}{section.12}
\BOOKMARK [2][-]{subsection.12.5}{Timeline do desenvolvimento}{section.12}
\BOOKMARK [1][-]{section.13}{Anexo F: Sobre o projeto libdbi}{}
\BOOKMARK [2][-]{subsection.13.1}{Intera\347\343o com o projeto Bacula}{section.13}
